Flow report for HDL_Project
Sat Jun 11 22:53:43 2022
Quartus II Version 9.0 Build 132 02/25/2009 SJ Web Edition


---------------------
; Table of Contents ;
---------------------
  1. Legal Notice
  2. Flow Summary
  3. Flow Settings
  4. Flow Non-Default Global Settings
  5. Flow Elapsed Time
  6. Flow OS Summary
  7. Flow Log



----------------
; Legal Notice ;
----------------
Copyright (C) 1991-2009 Altera Corporation
Your use of Altera Corporation's design tools, logic functions 
and other software and tools, and its AMPP partner logic 
functions, and any output files from any of the foregoing 
(including device programming or simulation files), and any 
associated documentation or information are expressly subject 
to the terms and conditions of the Altera Program License 
Subscription Agreement, Altera MegaCore Function License 
Agreement, or other applicable license agreement, including, 
without limitation, that your use is for the sole purpose of 
programming logic devices manufactured by Altera and sold by 
Altera or its authorized distributors.  Please refer to the 
applicable agreement for further details.



+-------------------------------------------------------------------------+
; Flow Summary                                                            ;
+-------------------------------+-----------------------------------------+
; Flow Status                   ; Successful - Sat Jun 11 22:53:43 2022   ;
; Quartus II Version            ; 9.0 Build 132 02/25/2009 SJ Web Edition ;
; Revision Name                 ; HDL_Project                             ;
; Top-level Entity Name         ; Four_bit_AND                            ;
; Family                        ; Stratix II                              ;
; Met timing requirements       ; Yes                                     ;
; Logic utilization             ; < 1 %                                   ;
;     Combinational ALUTs       ; 4 / 12,480 ( < 1 % )                    ;
;     Dedicated logic registers ; 0 / 12,480 ( 0 % )                      ;
; Total registers               ; 0                                       ;
; Total pins                    ; 12 / 343 ( 3 % )                        ;
; Total virtual pins            ; 0                                       ;
; Total block memory bits       ; 0 / 419,328 ( 0 % )                     ;
; DSP block 9-bit elements      ; 0 / 96 ( 0 % )                          ;
; Total PLLs                    ; 0 / 6 ( 0 % )                           ;
; Total DLLs                    ; 0 / 2 ( 0 % )                           ;
; Device                        ; EP2S15F484C3                            ;
; Timing Models                 ; Final                                   ;
+-------------------------------+-----------------------------------------+


+-----------------------------------------+
; Flow Settings                           ;
+-------------------+---------------------+
; Option            ; Setting             ;
+-------------------+---------------------+
; Start date & time ; 06/11/2022 22:53:33 ;
; Main task         ; Compilation         ;
; Revision Name     ; HDL_Project         ;
+-------------------+---------------------+


+---------------------------------------------------------------------------------------------------------------------+
; Flow Non-Default Global Settings                                                                                    ;
+------------------------------------+--------------------------------+---------------+--------------+----------------+
; Assignment Name                    ; Value                          ; Default Value ; Entity Name  ; Section Id     ;
+------------------------------------+--------------------------------+---------------+--------------+----------------+
; COMPILER_SIGNATURE_ID              ; 18587653791391.165497721305144 ; --            ; --           ; --             ;
; PARTITION_COLOR                    ; 16764057                       ; --            ; Four_bit_AND ; Top            ;
; PARTITION_NETLIST_TYPE             ; SOURCE                         ; --            ; Four_bit_AND ; Top            ;
; TOP_LEVEL_ENTITY                   ; Four_bit_AND                   ; HDL_Project   ; --           ; --             ;
; USE_GENERATED_PHYSICAL_CONSTRAINTS ; Off                            ; --            ; --           ; eda_blast_fpga ;
+------------------------------------+--------------------------------+---------------+--------------+----------------+


+-----------------------------------------------------------------------------------------------------------------------------+
; Flow Elapsed Time                                                                                                           ;
+-------------------------+--------------+-------------------------+---------------------+------------------------------------+
; Module Name             ; Elapsed Time ; Average Processors Used ; Peak Virtual Memory ; Total CPU Time (on all processors) ;
+-------------------------+--------------+-------------------------+---------------------+------------------------------------+
; Analysis & Synthesis    ; 00:00:01     ; 1.0                     ; 223 MB              ; 00:00:01                           ;
; Fitter                  ; 00:00:03     ; 1.0                     ; 289 MB              ; 00:00:03                           ;
; Assembler               ; 00:00:03     ; 1.0                     ; 245 MB              ; 00:00:03                           ;
; Classic Timing Analyzer ; 00:00:00     ; 1.0                     ; 178 MB              ; 00:00:00                           ;
; Total                   ; 00:00:07     ; --                      ; --                  ; 00:00:07                           ;
+-------------------------+--------------+-------------------------+---------------------+------------------------------------+


+------------------------------------------------------------------------------------------+
; Flow OS Summary                                                                          ;
+-------------------------+------------------+---------------+------------+----------------+
; Module Name             ; Machine Hostname ; OS Name       ; OS Version ; Processor type ;
+-------------------------+------------------+---------------+------------+----------------+
; Analysis & Synthesis    ; DESKTOP-5H2B2H3  ; Windows Vista ; 6.2        ; x86_64         ;
; Fitter                  ; DESKTOP-5H2B2H3  ; Windows Vista ; 6.2        ; x86_64         ;
; Assembler               ; DESKTOP-5H2B2H3  ; Windows Vista ; 6.2        ; x86_64         ;
; Classic Timing Analyzer ; DESKTOP-5H2B2H3  ; Windows Vista ; 6.2        ; x86_64         ;
+-------------------------+------------------+---------------+------------+----------------+


------------
; Flow Log ;
------------
quartus_map --read_settings_files=on --write_settings_files=off HDL_Project -c HDL_Project
quartus_fit --read_settings_files=off --write_settings_files=off HDL_Project -c HDL_Project
quartus_asm --read_settings_files=off --write_settings_files=off HDL_Project -c HDL_Project
quartus_tan --read_settings_files=off --write_settings_files=off HDL_Project -c HDL_Project --timing_analysis_only



